\BOOKMARK [1][-]{section.1}{\376\377\000R\000e\000s\000u\000m\000e\000n}{}% 1
\BOOKMARK [1][-]{section.2}{\376\377\000P\000r\000e\000s\000e\000n\000t\000a\000c\000i\000\363\000n\000\040\000d\000e\000l\000\040\000p\000r\000o\000b\000l\000e\000m\000a}{}% 2
\BOOKMARK [2][-]{subsection.2.1}{\376\377\000C\000o\000n\000t\000e\000x\000t\000o\000\040\000y\000\040\000m\000o\000t\000i\000v\000a\000c\000i\000\363\000n}{section.2}% 3
\BOOKMARK [2][-]{subsection.2.2}{\376\377\000D\000e\000s\000a\000f\000\355\000o\000s\000\040\000i\000d\000e\000n\000t\000i\000f\000i\000c\000a\000d\000o\000s}{section.2}% 4
\BOOKMARK [1][-]{section.3}{\376\377\000O\000b\000j\000e\000t\000i\000v\000o\000s}{}% 5
\BOOKMARK [2][-]{subsection.3.1}{\376\377\000O\000b\000j\000e\000t\000i\000v\000o\000\040\000g\000e\000n\000e\000r\000a\000l}{section.3}% 6
\BOOKMARK [2][-]{subsection.3.2}{\376\377\000O\000b\000j\000e\000t\000i\000v\000o\000s\000\040\000e\000s\000p\000e\000c\000\355\000f\000i\000c\000o\000s}{section.3}% 7
\BOOKMARK [2][-]{subsection.3.3}{\376\377\000A\000l\000c\000a\000n\000c\000e}{section.3}% 8
\BOOKMARK [1][-]{section.4}{\376\377\000T\000\351\000c\000n\000i\000c\000a\000s\000\040\000y\000\040\000t\000e\000c\000n\000o\000l\000o\000g\000\355\000a\000s\000\040\000u\000t\000i\000l\000i\000z\000a\000d\000a\000s}{}% 9
\BOOKMARK [2][-]{subsection.4.1}{\376\377\000M\000o\000d\000e\000l\000o\000s\000\040\000d\000e\000\040\000I\000n\000t\000e\000l\000i\000g\000e\000n\000c\000i\000a\000\040\000A\000r\000t\000i\000f\000i\000c\000i\000a\000l}{section.4}% 10
\BOOKMARK [3][-]{subsubsection.4.1.1}{\376\377\000A\000n\000\341\000l\000i\000s\000i\000s\000\040\000v\000i\000s\000u\000a\000l}{subsection.4.1}% 11
\BOOKMARK [3][-]{subsubsection.4.1.2}{\376\377\000G\000e\000n\000e\000r\000a\000c\000i\000\363\000n\000\040\000d\000e\000\040\000c\000\363\000d\000i\000g\000o}{subsection.4.1}% 12
\BOOKMARK [2][-]{subsection.4.2}{\376\377\000S\000i\000s\000t\000e\000m\000a\000\040\000R\000A\000G\000\040\000h\000\355\000b\000r\000i\000d\000o}{section.4}% 13
\BOOKMARK [2][-]{subsection.4.3}{\376\377\000I\000n\000f\000r\000a\000e\000s\000t\000r\000u\000c\000t\000u\000r\000a\000\040\000y\000\040\000o\000r\000q\000u\000e\000s\000t\000a\000c\000i\000\363\000n}{section.4}% 14
\BOOKMARK [3][-]{subsubsection.4.3.1}{\376\377\000P\000r\000o\000t\000o\000c\000o\000l\000o\000\040\000A\0002\000A\000\040\000\050\000A\000g\000e\000n\000t\000-\000t\000o\000-\000A\000g\000e\000n\000t\000\051}{subsection.4.3}% 15
\BOOKMARK [3][-]{subsubsection.4.3.2}{\376\377\000V\000a\000l\000i\000d\000a\000c\000i\000\363\000n\000\040\000y\000\040\000g\000u\000a\000r\000d\000r\000a\000i\000l\000s}{subsection.4.3}% 16
\BOOKMARK [3][-]{subsubsection.4.3.3}{\376\377\000A\000p\000l\000i\000c\000a\000c\000i\000\363\000n\000\040\000w\000e\000b\000\040\000y\000\040\000U\000I}{subsection.4.3}% 17
\BOOKMARK [3][-]{subsubsection.4.3.4}{\376\377\000C\000o\000n\000t\000e\000n\000e\000r\000i\000z\000a\000c\000i\000\363\000n}{subsection.4.3}% 18
\BOOKMARK [2][-]{subsection.4.4}{\376\377\000D\000a\000t\000o\000s\000\040\000y\000\040\000c\000o\000r\000p\000u\000s}{section.4}% 19
\BOOKMARK [3][-]{subsubsection.4.4.1}{\376\377\000D\000a\000t\000a\000s\000e\000t\000\040\000W\000e\000b\000S\000i\000g\000h\000t}{subsection.4.4}% 20
\BOOKMARK [3][-]{subsubsection.4.4.2}{\376\377\000D\000a\000t\000a\000s\000e\000t\000\040\000d\000e\000\040\000e\000v\000a\000l\000u\000a\000c\000i\000\363\000n}{subsection.4.4}% 21
\BOOKMARK [2][-]{subsection.4.5}{\376\377\000L\000o\000g\000g\000i\000n\000g\000\040\000y\000\040\000m\000o\000n\000i\000t\000o\000r\000e\000o}{section.4}% 22
\BOOKMARK [1][-]{section.5}{\376\377\000A\000r\000q\000u\000i\000t\000e\000c\000t\000u\000r\000a\000\040\000d\000e\000l\000\040\000s\000i\000s\000t\000e\000m\000a}{}% 23
\BOOKMARK [2][-]{subsection.5.1}{\376\377\000V\000i\000s\000i\000\363\000n\000\040\000g\000e\000n\000e\000r\000a\000l}{section.5}% 24
\BOOKMARK [2][-]{subsection.5.2}{\376\377\000P\000i\000p\000e\000l\000i\000n\000e\000\040\000l\000\363\000g\000i\000c\000o\000\040\000\050\000a\000l\000t\000o\000\040\000n\000i\000v\000e\000l\000\051}{section.5}% 25
\BOOKMARK [2][-]{subsection.5.3}{\376\377\000C\000o\000m\000p\000o\000n\000e\000n\000t\000e\000s\000\040\000p\000r\000i\000n\000c\000i\000p\000a\000l\000e\000s}{section.5}% 26
\BOOKMARK [3][-]{subsubsection.5.3.1}{\376\377\000V\000i\000s\000u\000a\000l\000\040\000a\000g\000e\000n\000t\000\040\000\050\000p\000u\000e\000r\000t\000o\000\040\0001\0000\0000\0000\0000\000\051}{subsection.5.3}% 27
\BOOKMARK [3][-]{subsubsection.5.3.2}{\376\377\000R\000A\000G\000\040\000a\000g\000e\000n\000t\000\040\000\050\000m\000\363\000d\000u\000l\000o\000\040\000P\000y\000t\000h\000o\000n\000\051}{subsection.5.3}% 28
\BOOKMARK [3][-]{subsubsection.5.3.3}{\376\377\000C\000o\000d\000e\000\040\000a\000g\000e\000n\000t\000\040\000\050\000p\000u\000e\000r\000t\000o\000\040\0001\0000\0000\0000\0001\000\051}{subsection.5.3}% 29
\BOOKMARK [3][-]{subsubsection.5.3.4}{\376\377\000O\000r\000c\000h\000e\000s\000t\000r\000a\000t\000o\000r\000\040\000a\000g\000e\000n\000t}{subsection.5.3}% 30
\BOOKMARK [2][-]{subsection.5.4}{\376\377\000D\000i\000a\000g\000r\000a\000m\000a\000\040\000d\000e\000\040\000f\000l\000u\000j\000o\000\040\000c\000o\000m\000p\000l\000e\000t\000o}{section.5}% 31
\BOOKMARK [2][-]{subsection.5.5}{\376\377\000P\000i\000p\000e\000l\000i\000n\000e\000\040\000R\000A\000G\000\040\000d\000e\000t\000a\000l\000l\000a\000d\000o}{section.5}% 32
\BOOKMARK [3][-]{subsubsection.5.5.1}{\376\377\000F\000a\000s\000e\000\040\0001\000:\000\040\000I\000n\000g\000e\000s\000t\000a\000\040\000d\000e\000\040\000d\000o\000c\000u\000m\000e\000n\000t\000o\000s}{subsection.5.5}% 33
\BOOKMARK [3][-]{subsubsection.5.5.2}{\376\377\000F\000a\000s\000e\000\040\0002\000:\000\040\000P\000r\000o\000c\000e\000s\000a\000m\000i\000e\000n\000t\000o}{subsection.5.5}% 34
\BOOKMARK [3][-]{subsubsection.5.5.3}{\376\377\000F\000a\000s\000e\000\040\0003\000:\000\040\000B\000\372\000s\000q\000u\000e\000d\000a\000\040\000h\000\355\000b\000r\000i\000d\000a\000\040\000\050\000m\000\351\000t\000o\000d\000o\000\040\000i\000n\000v\000o\000k\000e\000\050\000\051\000\051}{subsection.5.5}% 35
\BOOKMARK [2][-]{subsection.5.6}{\376\377\000P\000r\000o\000t\000o\000c\000o\000l\000o\000s\000\040\000d\000e\000\040\000c\000o\000m\000u\000n\000i\000c\000a\000c\000i\000\363\000n}{section.5}% 36
\BOOKMARK [2][-]{subsection.5.7}{\376\377\000E\000s\000t\000r\000u\000c\000t\000u\000r\000a\000\040\000d\000e\000\040\000d\000i\000r\000e\000c\000t\000o\000r\000i\000o\000s}{section.5}% 37
\BOOKMARK [1][-]{section.6}{\376\377\000F\000l\000u\000j\000o\000\040\000f\000u\000n\000c\000i\000o\000n\000a\000l\000\040\000-\000\040\000I\000n\000t\000e\000r\000f\000a\000z\000\040\000d\000e\000\040\000u\000s\000u\000a\000r\000i\000o}{}% 38
\BOOKMARK [2][-]{subsection.6.1}{\376\377\000P\000\341\000g\000i\000n\000a\000:\000\040\000H\000o\000m\000e}{section.6}% 39
\BOOKMARK [2][-]{subsection.6.2}{\376\377\000P\000\341\000g\000i\000n\000a\000:\000\040\000U\000I\000\040\000t\000o\000\040\000C\000o\000d\000e\000\040\000\050\000P\000r\000i\000n\000c\000i\000p\000a\000l\000\051}{section.6}% 40
\BOOKMARK [2][-]{subsection.6.3}{\376\377\000P\000\341\000g\000i\000n\000a\000:\000\040\000Q\000u\000e\000r\000y\000\040\000I\000n\000t\000e\000r\000f\000a\000c\000e}{section.6}% 41
\BOOKMARK [2][-]{subsection.6.4}{\376\377\000P\000\341\000g\000i\000n\000a\000:\000\040\000E\000v\000a\000l\000u\000a\000c\000i\000o\000n\000e\000s}{section.6}% 42
\BOOKMARK [2][-]{subsection.6.5}{\376\377\000P\000\341\000g\000i\000n\000a\000:\000\040\000S\000y\000s\000t\000e\000m\000\040\000S\000t\000a\000t\000u\000s}{section.6}% 43
\BOOKMARK [2][-]{subsection.6.6}{\376\377\000P\000\341\000g\000i\000n\000a\000:\000\040\000C\000o\000r\000p\000u\000s\000\040\000I\000n\000f\000o\000r\000m\000a\000t\000i\000o\000n}{section.6}% 44
\BOOKMARK [1][-]{section.7}{\376\377\000G\000o\000b\000e\000r\000n\000a\000n\000z\000a\000\040\000d\000e\000\040\000c\000a\000l\000i\000d\000a\000d\000\040\000y\000\040\000a\000n\000t\000i\000-\000a\000l\000u\000c\000i\000n\000a\000c\000i\000\363\000n}{}% 45
\BOOKMARK [2][-]{subsection.7.1}{\376\377\000E\000s\000t\000r\000a\000t\000e\000g\000i\000a\000s\000\040\000i\000m\000p\000l\000e\000m\000e\000n\000t\000a\000d\000a\000s}{section.7}% 46
\BOOKMARK [3][-]{subsubsection.7.1.1}{\376\377\000R\000A\000G\000\040\000c\000o\000m\000o\000\040\000c\000o\000n\000t\000e\000x\000t\000o\000\040\000o\000b\000l\000i\000g\000a\000t\000o\000r\000i\000o}{subsection.7.1}% 47
\BOOKMARK [3][-]{subsubsection.7.1.2}{\376\377\000G\000u\000a\000r\000d\000r\000a\000i\000l\000s\000\040\000d\000e\000\040\000v\000a\000l\000i\000d\000a\000c\000i\000\363\000n}{subsection.7.1}% 48
\BOOKMARK [3][-]{subsubsection.7.1.3}{\376\377\000V\000a\000l\000i\000d\000a\000c\000i\000\363\000n\000\040\000a\000n\000t\000i\000-\000h\000a\000l\000l\000u\000c\000i\000n\000a\000t\000i\000o\000n\000\040\000e\000n\000\040\000C\000o\000d\000e\000\040\000A\000g\000e\000n\000t}{subsection.7.1}% 49
\BOOKMARK [3][-]{subsubsection.7.1.4}{\376\377\000P\000r\000o\000m\000p\000t\000s\000\040\000o\000p\000t\000i\000m\000i\000z\000a\000d\000o\000s\000\040\000c\000o\000n\000\040\000r\000e\000g\000l\000a\000s\000\040\000c\000r\000\355\000t\000i\000c\000a\000s}{subsection.7.1}% 50
\BOOKMARK [3][-]{subsubsection.7.1.5}{\376\377\000F\000a\000l\000l\000b\000a\000c\000k\000\040\000c\000o\000n\000t\000r\000o\000l\000a\000d\000o}{subsection.7.1}% 51
\BOOKMARK [3][-]{subsubsection.7.1.6}{\376\377\000U\000m\000b\000r\000a\000l\000e\000s\000\040\000d\000e\000\040\000c\000o\000n\000f\000i\000a\000n\000z\000a\000\040\000e\000n\000\040\000r\000e\000c\000u\000p\000e\000r\000a\000c\000i\000\363\000n}{subsection.7.1}% 52
\BOOKMARK [2][-]{subsection.7.2}{\376\377\000H\000a\000l\000l\000a\000z\000g\000o\000s\000\040\000c\000l\000a\000v\000e}{section.7}% 53
\BOOKMARK [1][-]{section.8}{\376\377\000I\000m\000p\000l\000e\000m\000e\000n\000t\000a\000c\000i\000\363\000n\000\040\000y\000\040\000t\000o\000o\000l\000i\000n\000g}{}% 54
\BOOKMARK [2][-]{subsection.8.1}{\376\377\000T\000e\000c\000n\000o\000l\000o\000g\000\355\000a\000s\000\040\000c\000o\000r\000e}{section.8}% 55
\BOOKMARK [2][-]{subsection.8.2}{\376\377\000O\000p\000e\000n\000R\000o\000u\000t\000e\000r\000\040\000i\000n\000t\000e\000g\000r\000a\000t\000i\000o\000n}{section.8}% 56
\BOOKMARK [2][-]{subsection.8.3}{\376\377\000P\000i\000n\000e\000c\000o\000n\000e\000\040\000v\000e\000c\000t\000o\000r\000\040\000d\000a\000t\000a\000b\000a\000s\000e}{section.8}% 57
\BOOKMARK [2][-]{subsection.8.4}{\376\377\000S\000t\000r\000e\000a\000m\000l\000i\000t\000\040\000c\000o\000m\000o\000\040\000U\000I\000\040\000a\000c\000e\000l\000e\000r\000a\000d\000a}{section.8}% 58
\BOOKMARK [2][-]{subsection.8.5}{\376\377\000U\000v\000i\000c\000o\000r\000n\000\040\000+\000\040\000S\000t\000a\000r\000l\000e\000t\000t\000e\000\040\000+\000\040\000A\0002\000A}{section.8}% 59
\BOOKMARK [2][-]{subsection.8.6}{\376\377\000C\000o\000n\000f\000i\000g\000u\000r\000a\000c\000i\000\363\000n\000\040\000d\000i\000n\000\341\000m\000i\000c\000a}{section.8}% 60
\BOOKMARK [2][-]{subsection.8.7}{\376\377\000S\000c\000r\000i\000p\000t\000s\000\040\000d\000e\000\040\000e\000v\000a\000l\000u\000a\000c\000i\000\363\000n}{section.8}% 61
\BOOKMARK [1][-]{section.9}{\376\377\000O\000r\000g\000a\000n\000i\000z\000a\000c\000i\000\363\000n\000\040\000d\000e\000l\000\040\000p\000r\000o\000y\000e\000c\000t\000o\000\040\000y\000\040\000d\000i\000v\000i\000s\000i\000\363\000n\000\040\000d\000e\000l\000\040\000t\000r\000a\000b\000a\000j\000o}{}% 62
\BOOKMARK [2][-]{subsection.9.1}{\376\377\000D\000i\000s\000t\000r\000i\000b\000u\000c\000i\000\363\000n\000\040\000d\000e\000\040\000r\000e\000s\000p\000o\000n\000s\000a\000b\000i\000l\000i\000d\000a\000d\000e\000s}{section.9}% 63
\BOOKMARK [2][-]{subsection.9.2}{\376\377\000M\000e\000t\000o\000d\000o\000l\000o\000g\000\355\000a\000\040\000d\000e\000\040\000t\000r\000a\000b\000a\000j\000o}{section.9}% 64
\BOOKMARK [1][-]{section.10}{\376\377\000R\000e\000s\000u\000l\000t\000a\000d\000o\000s\000\040\000y\000\040\000e\000s\000t\000a\000d\000o\000\040\000a\000c\000t\000u\000a\000l}{}% 65
\BOOKMARK [2][-]{subsection.10.1}{\376\377\000C\000a\000s\000o\000s\000\040\000p\000o\000s\000i\000t\000i\000v\000o\000s}{section.10}% 66
\BOOKMARK [2][-]{subsection.10.2}{\376\377\000L\000i\000m\000i\000t\000a\000c\000i\000o\000n\000e\000s\000\040\000o\000b\000s\000e\000r\000v\000a\000d\000a\000s}{section.10}% 67
\BOOKMARK [2][-]{subsection.10.3}{\376\377\000R\000e\000s\000u\000l\000t\000a\000d\000o\000s\000\040\000d\000e\000\040\000e\000v\000a\000l\000u\000a\000c\000i\000\363\000n\000\040\000d\000e\000l\000\040\000s\000i\000s\000t\000e\000m\000a\000\040\000R\000A\000G}{section.10}% 68
\BOOKMARK [3][-]{subsubsection.10.3.1}{\376\377\000S\000i\000g\000n\000i\000f\000i\000c\000a\000d\000o\000\040\000d\000e\000\040\000l\000a\000s\000\040\000m\000\351\000t\000r\000i\000c\000a\000s}{subsection.10.3}% 69
\BOOKMARK [3][-]{subsubsection.10.3.2}{\376\377\000I\000n\000t\000e\000r\000p\000r\000e\000t\000a\000c\000i\000\363\000n\000\040\000d\000e\000\040\000r\000e\000s\000u\000l\000t\000a\000d\000o\000s}{subsection.10.3}% 70
\BOOKMARK [3][-]{subsubsection.10.3.3}{\376\377\000R\000e\000s\000u\000m\000e\000n\000\040\000d\000e\000\040\000e\000v\000a\000l\000u\000a\000c\000i\000\363\000n}{subsection.10.3}% 71
\BOOKMARK [1][-]{section.11}{\376\377\000L\000e\000c\000c\000i\000o\000n\000e\000s\000\040\000a\000p\000r\000e\000n\000d\000i\000d\000a\000s}{}% 72
\BOOKMARK [1][-]{section.12}{\376\377\000R\000o\000a\000d\000m\000a\000p\000\040\000p\000r\000o\000p\000u\000e\000s\000t\000o}{}% 73
\BOOKMARK [2][-]{subsection.12.1}{\376\377\000C\000o\000r\000t\000o\000\040\000p\000l\000a\000z\000o\000\040\000\050\0001\000-\0003\000\040\000m\000e\000s\000e\000s\000\051}{section.12}% 74
\BOOKMARK [3][-]{subsubsection.12.1.1}{\376\377\000M\000i\000t\000i\000g\000a\000c\000i\000\363\000n\000\040\000d\000e\000\040\000a\000l\000u\000c\000i\000n\000a\000c\000i\000\363\000n\000\040\000y\000\040\000U\000X}{subsection.12.1}% 75
\BOOKMARK [3][-]{subsubsection.12.1.2}{\376\377\000R\000A\000G\000\040\000y\000\040\000c\000o\000r\000p\000u\000s}{subsection.12.1}% 76
\BOOKMARK [2][-]{subsection.12.2}{\376\377\000M\000e\000d\000i\000a\000n\000o\000\040\000p\000l\000a\000z\000o\000\040\000\050\0003\000-\0006\000\040\000m\000e\000s\000e\000s\000\051}{section.12}% 77
\BOOKMARK [3][-]{subsubsection.12.2.1}{\376\377\000A\000g\000e\000n\000t\000e\000s\000\040\000y\000\040\000o\000r\000q\000u\000e\000s\000t\000a\000c\000i\000\363\000n}{subsection.12.2}% 78
\BOOKMARK [3][-]{subsubsection.12.2.2}{\376\377\000E\000v\000a\000l\000u\000a\000c\000i\000\363\000n\000\040\000y\000\040\000c\000a\000l\000i\000d\000a\000d}{subsection.12.2}% 79
\BOOKMARK [3][-]{subsubsection.12.2.3}{\376\377\000C\000o\000s\000t\000o\000s\000\040\000y\000\040\000o\000b\000s\000e\000r\000v\000a\000b\000i\000l\000i\000d\000a\000d}{subsection.12.2}% 80
\BOOKMARK [2][-]{subsection.12.3}{\376\377\000L\000a\000r\000g\000o\000\040\000p\000l\000a\000z\000o\000\040\000\050\0006\000+\000\040\000m\000e\000s\000e\000s\000\051}{section.12}% 81
\BOOKMARK [1][-]{section.13}{\376\377\000D\000e\000s\000a\000f\000\355\000o\000s\000\040\000a\000f\000r\000o\000n\000t\000a\000d\000o\000s\000\040\000d\000u\000r\000a\000n\000t\000e\000\040\000e\000l\000\040\000t\000r\000a\000b\000a\000j\000o}{}% 82
\BOOKMARK [2][-]{subsection.13.1}{\376\377\000E\000l\000e\000c\000c\000i\000\363\000n\000\040\000d\000e\000\040\000m\000o\000d\000e\000l\000o\000s}{section.13}% 83
\BOOKMARK [2][-]{subsection.13.2}{\376\377\000E\000j\000e\000c\000u\000c\000i\000\363\000n\000\040\000e\000n\000\040\000p\000i\000p\000e\000l\000i\000n\000e\000\040\000d\000e\000\040\000p\000r\000o\000c\000e\000s\000o\000s}{section.13}% 84
\BOOKMARK [2][-]{subsection.13.3}{\376\377\000G\000e\000s\000t\000i\000\363\000n\000\040\000d\000e\000\040\000c\000o\000n\000f\000i\000g\000u\000r\000a\000c\000i\000o\000n\000e\000s}{section.13}% 85
\BOOKMARK [2][-]{subsection.13.4}{\376\377\000S\000i\000n\000c\000r\000o\000n\000i\000z\000a\000c\000i\000\363\000n\000\040\000d\000e\000\040\000v\000e\000r\000s\000i\000o\000n\000e\000s\000\040\000d\000e\000\040\000l\000i\000b\000r\000e\000r\000\355\000a\000s}{section.13}% 86
\BOOKMARK [2][-]{subsection.13.5}{\376\377\000P\000e\000r\000f\000o\000r\000m\000a\000n\000c\000e\000\040\000d\000e\000\040\000e\000v\000a\000l\000u\000a\000c\000i\000o\000n\000e\000s}{section.13}% 87
\BOOKMARK [1][-]{section.14}{\376\377\000C\000o\000n\000c\000l\000u\000s\000i\000o\000n\000e\000s}{}% 88
\BOOKMARK [2][-]{subsection.14.1}{\376\377\000L\000o\000g\000r\000o\000s\000\040\000p\000r\000i\000n\000c\000i\000p\000a\000l\000e\000s}{section.14}% 89
\BOOKMARK [2][-]{subsection.14.2}{\376\377\000D\000e\000s\000a\000f\000\355\000o\000s\000\040\000p\000e\000r\000s\000i\000s\000t\000e\000n\000t\000e\000s}{section.14}% 90
\BOOKMARK [2][-]{subsection.14.3}{\376\377\000V\000a\000l\000o\000r\000\040\000d\000e\000l\000\040\000p\000r\000o\000y\000e\000c\000t\000o}{section.14}% 91
\BOOKMARK [2][-]{subsection.14.4}{\376\377\000P\000r\000\363\000x\000i\000m\000o\000s\000\040\000p\000a\000s\000o\000s\000\040\000i\000n\000m\000e\000d\000i\000a\000t\000o\000s}{section.14}% 92
\BOOKMARK [1][-]{section.15}{\376\377\000A\000n\000e\000x\000o\000\040\000-\000\040\000S\000e\000t\000u\000p\000\040\000y\000\040\000o\000p\000e\000r\000a\000c\000i\000\363\000n}{}% 93
\BOOKMARK [2][-]{subsection.15.1}{\376\377\000R\000e\000q\000u\000i\000s\000i\000t\000o\000s\000\040\000p\000r\000e\000v\000i\000o\000s}{section.15}% 94
\BOOKMARK [3][-]{subsubsection.15.1.1}{\376\377\000P\000r\000o\000d\000u\000c\000c\000i\000\363\000n\000\040\000\050\000r\000e\000c\000o\000m\000e\000n\000d\000a\000d\000o\000\051}{subsection.15.1}% 95
\BOOKMARK [3][-]{subsubsection.15.1.2}{\376\377\000D\000e\000s\000a\000r\000r\000o\000l\000l\000o}{subsection.15.1}% 96
\BOOKMARK [2][-]{subsection.15.2}{\376\377\000I\000n\000s\000t\000a\000l\000a\000c\000i\000\363\000n\000\040\000y\000\040\000e\000j\000e\000c\000u\000c\000i\000\363\000n\000\040\000-\000\040\000P\000r\000o\000d\000u\000c\000c\000i\000\363\000n}{section.15}% 97
\BOOKMARK [2][-]{subsection.15.3}{\376\377\000I\000n\000s\000t\000a\000l\000a\000c\000i\000\363\000n\000\040\000y\000\040\000e\000j\000e\000c\000u\000c\000i\000\363\000n\000\040\000-\000\040\000D\000e\000s\000a\000r\000r\000o\000l\000l\000o}{section.15}% 98
\BOOKMARK [2][-]{subsection.15.4}{\376\377\000C\000o\000m\000a\000n\000d\000o\000s\000\040\000m\000a\000k\000e\000\040\000d\000i\000s\000p\000o\000n\000i\000b\000l\000e\000s}{section.15}% 99
\BOOKMARK [2][-]{subsection.15.5}{\376\377\000G\000u\000a\000r\000d\000r\000a\000i\000l\000s\000\040\000-\000\040\000D\000e\000s\000c\000r\000i\000p\000c\000i\000\363\000n\000\040\000t\000\351\000c\000n\000i\000c\000a}{section.15}% 100
\BOOKMARK [3][-]{subsubsection.15.5.1}{\376\377\000G\000u\000a\000r\000d\000r\000a\000i\000l\000s\000\040\000u\000t\000i\000l\000i\000z\000a\000d\000o\000s\000\040\000e\000n\000\040\000e\000l\000\040\000p\000r\000o\000y\000e\000c\000t\000o}{subsection.15.5}% 101
\BOOKMARK [2][-]{subsection.15.6}{\376\377\000S\000i\000s\000t\000e\000m\000a\000\040\000d\000e\000\040\000l\000o\000g\000g\000i\000n\000g}{section.15}% 102
\BOOKMARK [2][-]{subsection.15.7}{\376\377\000D\000a\000t\000a\000s\000e\000t\000\040\000W\000e\000b\000S\000i\000g\000h\000t\000\040\000-\000\040\000D\000e\000t\000a\000l\000l\000e\000s\000\040\000t\000\351\000c\000n\000i\000c\000o\000s}{section.15}% 103
\BOOKMARK [2][-]{subsection.15.8}{\376\377\000T\000r\000o\000u\000b\000l\000e\000s\000h\000o\000o\000t\000i\000n\000g}{section.15}% 104
\BOOKMARK [3][-]{subsubsection.15.8.1}{\376\377\000S\000i\000\040\000n\000o\000\040\000v\000e\000s\000\040\0009\0000\0000\000\040\000d\000o\000c\000u\000m\000e\000n\000t\000o\000s\000\040\000e\000n\000\040\000e\000l\000\040\000c\000o\000r\000p\000u\000s}{subsection.15.8}% 105
\BOOKMARK [3][-]{subsubsection.15.8.2}{\376\377\000S\000i\000\040\000l\000o\000s\000\040\000a\000g\000e\000n\000t\000e\000s\000\040\000n\000o\000\040\000i\000n\000i\000c\000i\000a\000n}{subsection.15.8}% 106
\BOOKMARK [3][-]{subsubsection.15.8.3}{\376\377\000S\000i\000\040\000h\000a\000y\000\040\000a\000l\000u\000c\000i\000n\000a\000c\000i\000o\000n\000e\000s\000\040\000e\000n\000\040\000c\000\363\000d\000i\000g\000o\000\040\000g\000e\000n\000e\000r\000a\000d\000o}{subsection.15.8}% 107
\BOOKMARK [3][-]{subsubsection.15.8.4}{\376\377\000S\000i\000\040\000P\000i\000n\000e\000c\000o\000n\000e\000\040\000n\000o\000\040\000f\000u\000n\000c\000i\000o\000n\000a}{subsection.15.8}% 108
\BOOKMARK [1][-]{section.16}{\376\377\000R\000e\000f\000e\000r\000e\000n\000c\000i\000a\000s}{}% 109
